<?xml version="1.0" encoding="UTF-8"?>
<!-- Generated by org.testng.reporters.JUnitReportReporter -->
<testsuite hostname="Rubanas-MacBook-Pro.local" name="test.target.logintest" tests="1" failures="0" timestamp="23 Dec 2015 22:39:56 GMT" time="11.660" errors="0">
  <testcase name="logInTestCasePositive1" time="11.660" classname="test.target.logintest"/>
</testsuite> <!-- test.target.logintest -->
